1712762808553:ls
1712762810709:help
1712762835751:script
1712762849235:version
1712762857691:vvv
1712762859931:version
1712843643464:help
1712844644087:hello Mi
1712844654051:codes
1712845752476:hello mi
1712845759816:codes
1713256408562:help
1713256428667:codes
1713260128756:code
1713260130817:scodes
1713260136111:codes
1713262691557:const
1713262696543:codes
1713265915177:convertor RUB
1713265951562:convertor 100 --RUB __AU
1713266003461:convertor 100 --currencyFrom RUB --currencyTo AUD
1713268303883:convertor 100 --currencyFrom AUD --currencyTo AUD
1713268329768:convertor 100 --EUR --AUD
1713268361514:convertor 100 --currencyFrom  --currencyTo
1713268394161:convertor 100 --currencyFrom RUB --currencyTo AUD
1713268472202:convertor 100 --currencyFrom EUR --currencyTo AUD
1713268487934:codes
1713268789728:convertor 100 --from RUB --to AUD
1713268805272:convertor 100 --from USD --to AUD
1713268881562:String lineFrom = (stream.filter(x -> x.contains(from))
1713268889774:convertor 100 --from RUB --to AUD
1713276105524:codes
1713276166789:convertor 100 --from RUB --to AUD
1713277209625:System.out.println(res2);
1713277214388:convertor 100 --from RUB --to AUD
1713280983312:convertor 100 --from USD --to AUD
1713345893066:convertor 100 --from RUB --to AUD
1713345904904:convertor 100 --from USD --to AUD
1713348176806:convertor 10 --from USD --to AUD
1713348366893:convertor 100 --from RUB --to AUD
1713348647211:convertor 100 --from USD --to AUD
1713349005741:convertor 1 --from USD --to AUD
1713349329837:convertor 100 --from USD --to AUD
1713349342861:convertor 1 --from USD --to AUD
1713349535966:convertor 100 --from USD --to AUD
1713349547482:convertor 1 --from USD --to AUD
1713350216637:convertor 100 --from USD --to AUD
1713350258067:convertor 100 --from KZT --to AUD
1713350290163:convertor 100 --from RUB --to KZT
1713350438046:convertor 100 --from KZT --to AUD
1713350716567:convertor 100 --from RUB --to AUD
1713350784159:convertor 100 --from USD --to AUD
1713350802989:convertor 100 --from USD --to KZT
1713351275660:convertor 100 --from KZT --to AUD
1713351859157:convertor 100 --from RUB --to KZT
1713351882629:convertor 100 --from RUB --to AUD
1713351898905:convertor 100 --from RUB --to KZT
1713351921877:convertor 1 --from RUB --to AUD
1713351931622:convertor 1 --from RUB --to KZT
1713352105849:convertor 1 --from RUB --to INR
1713352146740:convertor 100 --from RUB --to INR
1713352152083:convertor 1 --from RUB --to AUD
1713352159696:convertor 1 --from RUB --to INR
1713352371760:convertor 100 --from RUB --to AUD
1713352596165:convertor 100 --from RUB --to INR
1713352670870:convertor 100 --from RUB --to AUD
1713352727994:convertor 100 --from USD --to AUD
1713352849121:convertor 100 --from USD --to INR
1713352896202:convertor 1 --from USD --to INR
1713353003618:convertor 100 --from USD --to AUD
1713353010844:convertor 100 --from USD --to INR
1713353020194:convertor 100 --from RUB --to USD
1713353049896:convertor 100 --from RUB --to AUD
1713353061587:convertor 100 --from RUB --to USD
